<?xml version="1.0" encoding="UTF-8"?>
<testsuite xmlns:xsi="http://www.w3.org/2001/XMLSchema-instance" xsi:noNamespaceSchemaLocation="https://maven.apache.org/surefire/maven-surefire-plugin/xsd/surefire-test-report-3.0.xsd" version="3.0" name="ec.edu.espe.EDICOMPUCMS.controller.GestorAlquileresTest" time="0.147" tests="4" errors="0" skipped="0" failures="0">
  <properties>
    <property name="java.specification.version" value="22"/>
    <property name="sun.cpu.isalist" value="amd64"/>
    <property name="sun.jnu.encoding" value="Cp1252"/>
    <property name="java.class.path" value="C:\Users\PACO\Downloads\CODE312\CODE\EDICOMPUCyberManagementSystem(Maven)\EDICOMPUCyberManagementSystem\target\test-classes;C:\Users\PACO\Downloads\CODE312\CODE\EDICOMPUCyberManagementSystem(Maven)\EDICOMPUCyberManagementSystem\target\classes;C:\Users\PACO\.m2\repository\com\google\code\gson\gson\2.11.0\gson-2.11.0.jar;C:\Users\PACO\.m2\repository\com\google\errorprone\error_prone_annotations\2.27.0\error_prone_annotations-2.27.0.jar;C:\Users\PACO\.m2\repository\org\mongodb\mongodb-driver-sync\5.1.0\mongodb-driver-sync-5.1.0.jar;C:\Users\PACO\.m2\repository\org\mongodb\bson\5.1.0\bson-5.1.0.jar;C:\Users\PACO\.m2\repository\org\mongodb\mongodb-driver-core\5.1.0\mongodb-driver-core-5.1.0.jar;C:\Users\PACO\.m2\repository\org\mongodb\bson-record-codec\5.1.0\bson-record-codec-5.1.0.jar;C:\Users\PACO\.m2\repository\org\mongodb\mongodb-driver\3.12.10\mongodb-driver-3.12.10.jar;C:\Users\PACO\.m2\repository\org\jdatepicker\jdatepicker\1.3.4\jdatepicker-1.3.4.jar;C:\Users\PACO\.m2\repository\org\junit\jupiter\junit-jupiter-api\5.6.0\junit-jupiter-api-5.6.0.jar;C:\Users\PACO\.m2\repository\org\apiguardian\apiguardian-api\1.1.0\apiguardian-api-1.1.0.jar;C:\Users\PACO\.m2\repository\org\opentest4j\opentest4j\1.2.0\opentest4j-1.2.0.jar;C:\Users\PACO\.m2\repository\org\junit\platform\junit-platform-commons\1.6.0\junit-platform-commons-1.6.0.jar;C:\Users\PACO\.m2\repository\org\junit\jupiter\junit-jupiter-params\5.6.0\junit-jupiter-params-5.6.0.jar;C:\Users\PACO\.m2\repository\org\junit\jupiter\junit-jupiter-engine\5.6.0\junit-jupiter-engine-5.6.0.jar;C:\Users\PACO\.m2\repository\org\junit\platform\junit-platform-engine\1.6.0\junit-platform-engine-1.6.0.jar;"/>
    <property name="java.vm.vendor" value="Oracle Corporation"/>
    <property name="sun.arch.data.model" value="64"/>
    <property name="user.variant" value=""/>
    <property name="java.vendor.url" value="https://java.oracle.com/"/>
    <property name="user.timezone" value="America/Guayaquil"/>
    <property name="os.name" value="Windows 11"/>
    <property name="java.vm.specification.version" value="22"/>
    <property name="user.country" value="EC"/>
    <property name="sun.java.launcher" value="SUN_STANDARD"/>
    <property name="sun.boot.library.path" value="C:\Program Files\Java\jdk-22\bin"/>
    <property name="sun.java.command" value="C:\Users\PACO\AppData\Local\Temp\surefire7166041794580695474\surefirebooter-20250206101634619_3.jar C:\Users\PACO\AppData\Local\Temp\surefire7166041794580695474 2025-02-06T10-16-34_441-jvmRun1 surefire-20250206101634619_1tmp surefire_0-20250206101634619_2tmp"/>
    <property name="jdk.debug" value="release"/>
    <property name="surefire.test.class.path" value="C:\Users\PACO\Downloads\CODE312\CODE\EDICOMPUCyberManagementSystem(Maven)\EDICOMPUCyberManagementSystem\target\test-classes;C:\Users\PACO\Downloads\CODE312\CODE\EDICOMPUCyberManagementSystem(Maven)\EDICOMPUCyberManagementSystem\target\classes;C:\Users\PACO\.m2\repository\com\google\code\gson\gson\2.11.0\gson-2.11.0.jar;C:\Users\PACO\.m2\repository\com\google\errorprone\error_prone_annotations\2.27.0\error_prone_annotations-2.27.0.jar;C:\Users\PACO\.m2\repository\org\mongodb\mongodb-driver-sync\5.1.0\mongodb-driver-sync-5.1.0.jar;C:\Users\PACO\.m2\repository\org\mongodb\bson\5.1.0\bson-5.1.0.jar;C:\Users\PACO\.m2\repository\org\mongodb\mongodb-driver-core\5.1.0\mongodb-driver-core-5.1.0.jar;C:\Users\PACO\.m2\repository\org\mongodb\bson-record-codec\5.1.0\bson-record-codec-5.1.0.jar;C:\Users\PACO\.m2\repository\org\mongodb\mongodb-driver\3.12.10\mongodb-driver-3.12.10.jar;C:\Users\PACO\.m2\repository\org\jdatepicker\jdatepicker\1.3.4\jdatepicker-1.3.4.jar;C:\Users\PACO\.m2\repository\org\junit\jupiter\junit-jupiter-api\5.6.0\junit-jupiter-api-5.6.0.jar;C:\Users\PACO\.m2\repository\org\apiguardian\apiguardian-api\1.1.0\apiguardian-api-1.1.0.jar;C:\Users\PACO\.m2\repository\org\opentest4j\opentest4j\1.2.0\opentest4j-1.2.0.jar;C:\Users\PACO\.m2\repository\org\junit\platform\junit-platform-commons\1.6.0\junit-platform-commons-1.6.0.jar;C:\Users\PACO\.m2\repository\org\junit\jupiter\junit-jupiter-params\5.6.0\junit-jupiter-params-5.6.0.jar;C:\Users\PACO\.m2\repository\org\junit\jupiter\junit-jupiter-engine\5.6.0\junit-jupiter-engine-5.6.0.jar;C:\Users\PACO\.m2\repository\org\junit\platform\junit-platform-engine\1.6.0\junit-platform-engine-1.6.0.jar;"/>
    <property name="sun.cpu.endian" value="little"/>
    <property name="user.home" value="C:\Users\PACO"/>
    <property name="user.language" value="es"/>
    <property name="java.specification.vendor" value="Oracle Corporation"/>
    <property name="java.version.date" value="2024-04-16"/>
    <property name="java.home" value="C:\Program Files\Java\jdk-22"/>
    <property name="file.separator" value="\"/>
    <property name="basedir" value="C:\Users\PACO\Downloads\CODE312\CODE\EDICOMPUCyberManagementSystem(Maven)\EDICOMPUCyberManagementSystem"/>
    <property name="java.vm.compressedOopsMode" value="Zero based"/>
    <property name="line.separator" value="&#10;"/>
    <property name="java.vm.specification.vendor" value="Oracle Corporation"/>
    <property name="java.specification.name" value="Java Platform API Specification"/>
    <property name="surefire.real.class.path" value="C:\Users\PACO\AppData\Local\Temp\surefire7166041794580695474\surefirebooter-20250206101634619_3.jar"/>
    <property name="user.script" value=""/>
    <property name="sun.management.compiler" value="HotSpot 64-Bit Tiered Compilers"/>
    <property name="java.runtime.version" value="22.0.1+8-16"/>
    <property name="user.name" value="PACO"/>
    <property name="stdout.encoding" value="Cp1252"/>
    <property name="path.separator" value=";"/>
    <property name="os.version" value="10.0"/>
    <property name="java.runtime.name" value="Java(TM) SE Runtime Environment"/>
    <property name="file.encoding" value="UTF-8"/>
    <property name="java.vm.name" value="Java HotSpot(TM) 64-Bit Server VM"/>
    <property name="maven.ext.class.path" value="C:\Program Files\NetBeans-21\netbeans\java\maven-nblib\netbeans-eventspy.jar"/>
    <property name="localRepository" value="C:\Users\PACO\.m2\repository"/>
    <property name="java.vendor.url.bug" value="https://bugreport.java.com/bugreport/"/>
    <property name="java.io.tmpdir" value="C:\Users\PACO\AppData\Local\Temp\"/>
    <property name="java.version" value="22.0.1"/>
    <property name="user.dir" value="C:\Users\PACO\Downloads\CODE312\CODE\EDICOMPUCyberManagementSystem(Maven)\EDICOMPUCyberManagementSystem"/>
    <property name="os.arch" value="amd64"/>
    <property name="java.vm.specification.name" value="Java Virtual Machine Specification"/>
    <property name="sun.os.patch.level" value=""/>
    <property name="native.encoding" value="Cp1252"/>
    <property name="java.library.path" value="C:\Program Files\Java\jdk-22\bin;C:\WINDOWS\Sun\Java\bin;C:\WINDOWS\system32;C:\WINDOWS;C:\Program Files\Common Files\Oracle\Java\javapath;C:\WINDOWS\system32;C:\WINDOWS;C:\WINDOWS\System32\Wbem;C:\WINDOWS\System32\WindowsPowerShell\v1.0\;C:\WINDOWS\System32\OpenSSH\;C:\Program Files\Git\cmd;C:\Program Files\nodejs\;C:\Program Files\Java\jdk-22;C:\TDM-GCC-64\bin;C:\Users\PACO\AppData\Local\Programs\Python\Python312;C:\Users\PACO\AppData\Local\Programs\Python\Python312\Scripts;C:\Program Files\MATLAB\R2024a\bin;C:\Users\PACO\AppData\Local\Programs\Python\Python39\;C:\Users\PACO\AppData\Local\Programs\Python\Python39\Scripts\;C:\Users\PACO\AppData\Local\Programs\Python\Launcher\;C:\Users\PACO\AppData\Local\Microsoft\WindowsApps;C:\Users\PACO\AppData\Roaming\npm;C:\Users\PACO\AppData\Local\GitHubDesktop\bin;C:\Users\PACO\AppData\Roaming\TinyTeX\bin\windows;C:\Users\PACO\AppData\Local\Programs\Microsoft VS Code\bin;;."/>
    <property name="java.vm.info" value="mixed mode, sharing"/>
    <property name="stderr.encoding" value="Cp1252"/>
    <property name="java.vendor" value="Oracle Corporation"/>
    <property name="java.vm.version" value="22.0.1+8-16"/>
    <property name="sun.io.unicode.encoding" value="UnicodeLittle"/>
    <property name="java.class.version" value="66.0"/>
  </properties>
  <testcase name="probarMostrarAlquileres" classname="ec.edu.espe.EDICOMPUCMS.controller.GestorAlquileresTest" time="0.087">
    <system-out><![CDATA[¡Computadora rentada con éxito!
Alquiler{idAlquiler=1, cliente=Cliente{id='C001', nombre='Cliente de prueba', direccion='Dirección de prueba', telefono='555-TEST', correo='test@example.com'}, computadora=Computadora{id=1, estaActiva=true, horaInicio=2025-02-06T15:16:35.295239900Z, horaFin=null}}
¡Computadora rentada con éxito!
¡Computadora rentada con éxito!
Alquiler{idAlquiler=1, cliente=Cliente{id='C001', nombre='Cliente de prueba', direccion='Dirección de prueba', telefono='555-TEST', correo='test@example.com'}, computadora=Computadora{id=1, estaActiva=true, horaInicio=2025-02-06T15:16:35.295239900Z, horaFin=null}}
Alquiler{idAlquiler=2, cliente=Cliente{id='C001', nombre='Cliente de prueba', direccion='Dirección de prueba', telefono='555-TEST', correo='test@example.com'}, computadora=Computadora{id=2, estaActiva=true, horaInicio=2025-02-06T15:16:35.319656500Z, horaFin=null}}
Alquiler{idAlquiler=3, cliente=Cliente{id='C001', nombre='Cliente de prueba', direccion='Dirección de prueba', telefono='555-TEST', correo='test@example.com'}, computadora=Computadora{id=3, estaActiva=true, horaInicio=2025-02-06T15:16:35.319656500Z, horaFin=null}}
Alquiler finalizada. Pago total: $0.15
Alquiler{idAlquiler=1, cliente=Cliente{id='C001', nombre='Cliente de prueba', direccion='Dirección de prueba', telefono='555-TEST', correo='test@example.com'}, computadora=Computadora{id=1, estaActiva=true, horaInicio=2025-02-06T15:16:35.295239900Z, horaFin=null}}
Alquiler{idAlquiler=2, cliente=Cliente{id='C001', nombre='Cliente de prueba', direccion='Dirección de prueba', telefono='555-TEST', correo='test@example.com'}, computadora=Computadora{id=2, estaActiva=false, horaInicio=2025-02-06T15:16:35.319656500Z, horaFin=2025-02-06T15:16:35.319656500Z}}
Alquiler{idAlquiler=3, cliente=Cliente{id='C001', nombre='Cliente de prueba', direccion='Dirección de prueba', telefono='555-TEST', correo='test@example.com'}, computadora=Computadora{id=3, estaActiva=true, horaInicio=2025-02-06T15:16:35.319656500Z, horaFin=null}}
¡Computadora rentada con éxito!
Alquiler finalizada. Pago total: $0.15
Alquiler{idAlquiler=1, cliente=Cliente{id='C001', nombre='Cliente de prueba', direccion='Dirección de prueba', telefono='555-TEST', correo='test@example.com'}, computadora=Computadora{id=1, estaActiva=false, horaInicio=2025-02-06T15:16:35.295239900Z, horaFin=2025-02-06T15:16:35.319656500Z}}
Alquiler{idAlquiler=2, cliente=Cliente{id='C001', nombre='Cliente de prueba', direccion='Dirección de prueba', telefono='555-TEST', correo='test@example.com'}, computadora=Computadora{id=2, estaActiva=false, horaInicio=2025-02-06T15:16:35.319656500Z, horaFin=2025-02-06T15:16:35.319656500Z}}
Alquiler{idAlquiler=3, cliente=Cliente{id='C001', nombre='Cliente de prueba', direccion='Dirección de prueba', telefono='555-TEST', correo='test@example.com'}, computadora=Computadora{id=3, estaActiva=true, horaInicio=2025-02-06T15:16:35.319656500Z, horaFin=null}}
Alquiler{idAlquiler=4, cliente=Cliente{id='C001', nombre='Cliente de prueba', direccion='Dirección de prueba', telefono='555-TEST', correo='test@example.com'}, computadora=Computadora{id=4, estaActiva=true, horaInicio=2025-02-06T15:16:35.319656500Z, horaFin=null}}
Alquiler finalizada. Pago total: $0.15
Alquiler finalizada. Pago total: $0.15
Alquiler{idAlquiler=1, cliente=Cliente{id='C001', nombre='Cliente de prueba', direccion='Dirección de prueba', telefono='555-TEST', correo='test@example.com'}, computadora=Computadora{id=1, estaActiva=false, horaInicio=2025-02-06T15:16:35.295239900Z, horaFin=2025-02-06T15:16:35.319656500Z}}
Alquiler{idAlquiler=2, cliente=Cliente{id='C001', nombre='Cliente de prueba', direccion='Dirección de prueba', telefono='555-TEST', correo='test@example.com'}, computadora=Computadora{id=2, estaActiva=false, horaInicio=2025-02-06T15:16:35.319656500Z, horaFin=2025-02-06T15:16:35.319656500Z}}
Alquiler{idAlquiler=3, cliente=Cliente{id='C001', nombre='Cliente de prueba', direccion='Dirección de prueba', telefono='555-TEST', correo='test@example.com'}, computadora=Computadora{id=3, estaActiva=false, horaInicio=2025-02-06T15:16:35.319656500Z, horaFin=2025-02-06T15:16:35.319656500Z}}
Alquiler{idAlquiler=4, cliente=Cliente{id='C001', nombre='Cliente de prueba', direccion='Dirección de prueba', telefono='555-TEST', correo='test@example.com'}, computadora=Computadora{id=4, estaActiva=false, horaInicio=2025-02-06T15:16:35.319656500Z, horaFin=2025-02-06T15:16:35.319656500Z}}
¡Computadora rentada con éxito!
Alquiler finalizada. Pago total: $0.15
Alquiler{idAlquiler=1, cliente=Cliente{id='C001', nombre='Cliente de prueba', direccion='Dirección de prueba', telefono='555-TEST', correo='test@example.com'}, computadora=Computadora{id=1, estaActiva=false, horaInicio=2025-02-06T15:16:35.295239900Z, horaFin=2025-02-06T15:16:35.319656500Z}}
Alquiler{idAlquiler=2, cliente=Cliente{id='C001', nombre='Cliente de prueba', direccion='Dirección de prueba', telefono='555-TEST', correo='test@example.com'}, computadora=Computadora{id=2, estaActiva=false, horaInicio=2025-02-06T15:16:35.319656500Z, horaFin=2025-02-06T15:16:35.319656500Z}}
Alquiler{idAlquiler=3, cliente=Cliente{id='C001', nombre='Cliente de prueba', direccion='Dirección de prueba', telefono='555-TEST', correo='test@example.com'}, computadora=Computadora{id=3, estaActiva=false, horaInicio=2025-02-06T15:16:35.319656500Z, horaFin=2025-02-06T15:16:35.319656500Z}}
Alquiler{idAlquiler=4, cliente=Cliente{id='C001', nombre='Cliente de prueba', direccion='Dirección de prueba', telefono='555-TEST', correo='test@example.com'}, computadora=Computadora{id=4, estaActiva=false, horaInicio=2025-02-06T15:16:35.319656500Z, horaFin=2025-02-06T15:16:35.319656500Z}}
Alquiler{idAlquiler=5, cliente=Cliente{id='C001', nombre='Cliente de prueba', direccion='Dirección de prueba', telefono='555-TEST', correo='test@example.com'}, computadora=Computadora{id=5, estaActiva=false, horaInicio=2025-02-06T15:16:35.319656500Z, horaFin=2025-02-06T15:16:35.319656500Z}}
¡Computadora rentada con éxito!
¡Computadora rentada con éxito!
Alquiler finalizada. Pago total: $0.15
¡Computadora rentada con éxito!
¡Computadora rentada con éxito!
Alquiler finalizada. Pago total: $0.15
¡Computadora rentada con éxito!
¡Computadora rentada con éxito!
Alquiler finalizada. Pago total: $0.15
¡Computadora rentada con éxito!
¡Computadora rentada con éxito!
Alquiler finalizada. Pago total: $0.15
¡Computadora rentada con éxito!
¡Computadora rentada con éxito!
Alquiler finalizada. Pago total: $0.15
¡Computadora rentada con éxito!
Error: ID de cliente/computadora inválido o la computadora ya está activa.
Alquiler finalizada. Pago total: $0.15
¡Computadora rentada con éxito!
Error: ID de cliente/computadora inválido o la computadora ya está activa.
Alquiler finalizada. Pago total: $0.15
¡Computadora rentada con éxito!
Error: ID de cliente/computadora inválido o la computadora ya está activa.
Alquiler finalizada. Pago total: $0.15
¡Computadora rentada con éxito!
Error: ID de cliente/computadora inválido o la computadora ya está activa.
Alquiler finalizada. Pago total: $0.15
¡Computadora rentada con éxito!
Error: ID de cliente/computadora inválido o la computadora ya está activa.
Alquiler finalizada. Pago total: $0.15
¡Computadora rentada con éxito!
Error: ID de cliente/computadora inválido o la computadora ya está activa.
Error: ID de renta no encontrado.
Error: ID de cliente/computadora inválido o la computadora ya está activa.
Error: ID de cliente/computadora inválido o la computadora ya está activa.
Error: ID de renta no encontrado.
¡Computadora rentada con éxito!
Error: ID de cliente/computadora inválido o la computadora ya está activa.
Error: ID de renta no encontrado.
Error: ID de cliente/computadora inválido o la computadora ya está activa.
Error: ID de cliente/computadora inválido o la computadora ya está activa.
Error: ID de renta no encontrado.
¡Computadora rentada con éxito!
Error: ID de cliente/computadora inválido o la computadora ya está activa.
Error: ID de renta no encontrado.
Error: ID de cliente/computadora inválido o la computadora ya está activa.
Error: ID de cliente/computadora inválido o la computadora ya está activa.
Error: ID de renta no encontrado.
Error: ID de cliente/computadora inválido o la computadora ya está activa.
Error: ID de cliente/computadora inválido o la computadora ya está activa.
Error: ID de renta no encontrado.
Error: ID de cliente/computadora inválido o la computadora ya está activa.
Error: ID de cliente/computadora inválido o la computadora ya está activa.
Error: ID de renta no encontrado.
Error: ID de cliente/computadora inválido o la computadora ya está activa.
Error: ID de cliente/computadora inválido o la computadora ya está activa.
Error: ID de renta no encontrado.
Error: ID de cliente/computadora inválido o la computadora ya está activa.
Error: ID de cliente/computadora inválido o la computadora ya está activa.
Error: ID de renta no encontrado.
Error: ID de cliente/computadora inválido o la computadora ya está activa.
Error: ID de cliente/computadora inválido o la computadora ya está activa.
Error: ID de renta no encontrado.
Error: ID de cliente/computadora inválido o la computadora ya está activa.
Error: ID de cliente/computadora inválido o la computadora ya está activa.
Error: ID de renta no encontrado.
Error: ID de cliente/computadora inválido o la computadora ya está activa.
Error: ID de cliente/computadora inválido o la computadora ya está activa.
Error: ID de renta no encontrado.
Error: ID de cliente/computadora inválido o la computadora ya está activa.
Error: ID de cliente/computadora inválido o la computadora ya está activa.
Error: ID de renta no encontrado.
Error: ID de cliente/computadora inválido o la computadora ya está activa.
Error: ID de cliente/computadora inválido o la computadora ya está activa.
Error: ID de renta no encontrado.
Error: ID de cliente/computadora inválido o la computadora ya está activa.
Error: ID de cliente/computadora inválido o la computadora ya está activa.
Error: ID de renta no encontrado.
Error: ID de cliente/computadora inválido o la computadora ya está activa.
Error: ID de cliente/computadora inválido o la computadora ya está activa.
Error: ID de renta no encontrado.
Error: ID de cliente/computadora inválido o la computadora ya está activa.
Error: ID de cliente/computadora inválido o la computadora ya está activa.
Error: ID de renta no encontrado.
Error: ID de cliente/computadora inválido o la computadora ya está activa.
Error: ID de cliente/computadora inválido o la computadora ya está activa.
Error: ID de renta no encontrado.
Error: ID de cliente/computadora inválido o la computadora ya está activa.
Error: ID de cliente/computadora inválido o la computadora ya está activa.
Error: ID de renta no encontrado.
Error: ID de cliente/computadora inválido o la computadora ya está activa.
Error: ID de cliente/computadora inválido o la computadora ya está activa.
Error: ID de renta no encontrado.
Error: ID de cliente/computadora inválido o la computadora ya está activa.
Error: ID de cliente/computadora inválido o la computadora ya está activa.
Error: ID de renta no encontrado.
Error: ID de cliente/computadora inválido o la computadora ya está activa.
Error: ID de cliente/computadora inválido o la computadora ya está activa.
Error: ID de renta no encontrado.
Error: ID de cliente/computadora inválido o la computadora ya está activa.
Error: ID de cliente/computadora inválido o la computadora ya está activa.
Error: ID de renta no encontrado.
Error: ID de cliente/computadora inválido o la computadora ya está activa.
Error: ID de cliente/computadora inválido o la computadora ya está activa.
Error: ID de renta no encontrado.
Error: ID de cliente/computadora inválido o la computadora ya está activa.
Error: ID de cliente/computadora inválido o la computadora ya está activa.
Error: ID de renta no encontrado.
Error: ID de cliente/computadora inválido o la computadora ya está activa.
Error: ID de cliente/computadora inválido o la computadora ya está activa.
Error: ID de renta no encontrado.
Error: ID de cliente/computadora inválido o la computadora ya está activa.
Error: ID de cliente/computadora inválido o la computadora ya está activa.
Error: ID de renta no encontrado.
Error: ID de cliente/computadora inválido o la computadora ya está activa.
Error: ID de cliente/computadora inválido o la computadora ya está activa.
Error: ID de renta no encontrado.
Error: ID de cliente/computadora inválido o la computadora ya está activa.
Error: ID de cliente/computadora inválido o la computadora ya está activa.
Error: ID de renta no encontrado.
Error: ID de cliente/computadora inválido o la computadora ya está activa.
Error: ID de cliente/computadora inválido o la computadora ya está activa.
Error: ID de renta no encontrado.
Error: ID de cliente/computadora inválido o la computadora ya está activa.
Error: ID de cliente/computadora inválido o la computadora ya está activa.
Error: ID de renta no encontrado.
Error: ID de cliente/computadora inválido o la computadora ya está activa.
Error: ID de cliente/computadora inválido o la computadora ya está activa.
Error: ID de renta no encontrado.
Error: ID de cliente/computadora inválido o la computadora ya está activa.
Error: ID de cliente/computadora inválido o la computadora ya está activa.
Error: ID de renta no encontrado.
Error: ID de cliente/computadora inválido o la computadora ya está activa.
Error: ID de cliente/computadora inválido o la computadora ya está activa.
Error: ID de renta no encontrado.
Error: ID de cliente/computadora inválido o la computadora ya está activa.
Error: ID de cliente/computadora inválido o la computadora ya está activa.
Error: ID de renta no encontrado.
Error: ID de cliente/computadora inválido o la computadora ya está activa.
Error: ID de cliente/computadora inválido o la computadora ya está activa.
Error: ID de renta no encontrado.
Error: ID de cliente/computadora inválido o la computadora ya está activa.
Error: ID de cliente/computadora inválido o la computadora ya está activa.
Error: ID de renta no encontrado.
Error: ID de cliente/computadora inválido o la computadora ya está activa.
Error: ID de cliente/computadora inválido o la computadora ya está activa.
Error: ID de renta no encontrado.
Error: ID de cliente/computadora inválido o la computadora ya está activa.
Error: ID de cliente/computadora inválido o la computadora ya está activa.
Error: ID de renta no encontrado.
Alquiler{idAlquiler=1, cliente=Cliente{id='C001', nombre='Cliente de prueba', direccion='Dirección de prueba', telefono='555-TEST', correo='test@example.com'}, computadora=Computadora{id=1, estaActiva=true, horaInicio=2025-02-06T15:16:35.319656500Z, horaFin=null}}
Alquiler{idAlquiler=2, cliente=Cliente{id='C001', nombre='Cliente de prueba', direccion='Dirección de prueba', telefono='555-TEST', correo='test@example.com'}, computadora=Computadora{id=2, estaActiva=true, horaInicio=2025-02-06T15:16:35.326705100Z, horaFin=null}}
Alquiler{idAlquiler=3, cliente=Cliente{id='C001', nombre='Cliente de prueba', direccion='Dirección de prueba', telefono='555-TEST', correo='test@example.com'}, computadora=Computadora{id=3, estaActiva=true, horaInicio=2025-02-06T15:16:35.319656500Z, horaFin=null}}
Alquiler{idAlquiler=4, cliente=Cliente{id='C001', nombre='Cliente de prueba', direccion='Dirección de prueba', telefono='555-TEST', correo='test@example.com'}, computadora=Computadora{id=4, estaActiva=true, horaInicio=2025-02-06T15:16:35.319656500Z, horaFin=null}}
Alquiler{idAlquiler=5, cliente=Cliente{id='C001', nombre='Cliente de prueba', direccion='Dirección de prueba', telefono='555-TEST', correo='test@example.com'}, computadora=Computadora{id=5, estaActiva=true, horaInicio=2025-02-06T15:16:35.319656500Z, horaFin=null}}
Alquiler{idAlquiler=6, cliente=Cliente{id='C001', nombre='Cliente de prueba', direccion='Dirección de prueba', telefono='555-TEST', correo='test@example.com'}, computadora=Computadora{id=2, estaActiva=true, horaInicio=2025-02-06T15:16:35.326705100Z, horaFin=null}}
Alquiler{idAlquiler=7, cliente=Cliente{id='C001', nombre='Cliente de prueba', direccion='Dirección de prueba', telefono='555-TEST', correo='test@example.com'}, computadora=Computadora{id=3, estaActiva=true, horaInicio=2025-02-06T15:16:35.319656500Z, horaFin=null}}
Alquiler{idAlquiler=8, cliente=Cliente{id='C001', nombre='Cliente de prueba', direccion='Dirección de prueba', telefono='555-TEST', correo='test@example.com'}, computadora=Computadora{id=4, estaActiva=true, horaInicio=2025-02-06T15:16:35.319656500Z, horaFin=null}}
Alquiler{idAlquiler=9, cliente=Cliente{id='C001', nombre='Cliente de prueba', direccion='Dirección de prueba', telefono='555-TEST', correo='test@example.com'}, computadora=Computadora{id=5, estaActiva=true, horaInicio=2025-02-06T15:16:35.319656500Z, horaFin=null}}
Alquiler{idAlquiler=10, cliente=Cliente{id='C001', nombre='Cliente de prueba', direccion='Dirección de prueba', telefono='555-TEST', correo='test@example.com'}, computadora=Computadora{id=6, estaActiva=true, horaInicio=2025-02-06T15:16:35.326705100Z, horaFin=null}}
Alquiler{idAlquiler=11, cliente=Cliente{id='C001', nombre='Cliente de prueba', direccion='Dirección de prueba', telefono='555-TEST', correo='test@example.com'}, computadora=Computadora{id=7, estaActiva=true, horaInicio=2025-02-06T15:16:35.319656500Z, horaFin=null}}
Alquiler{idAlquiler=12, cliente=Cliente{id='C001', nombre='Cliente de prueba', direccion='Dirección de prueba', telefono='555-TEST', correo='test@example.com'}, computadora=Computadora{id=8, estaActiva=true, horaInicio=2025-02-06T15:16:35.319656500Z, horaFin=null}}
Alquiler{idAlquiler=13, cliente=Cliente{id='C001', nombre='Cliente de prueba', direccion='Dirección de prueba', telefono='555-TEST', correo='test@example.com'}, computadora=Computadora{id=9, estaActiva=true, horaInicio=2025-02-06T15:16:35.319656500Z, horaFin=null}}
Alquiler{idAlquiler=14, cliente=Cliente{id='C001', nombre='Cliente de prueba', direccion='Dirección de prueba', telefono='555-TEST', correo='test@example.com'}, computadora=Computadora{id=10, estaActiva=true, horaInicio=2025-02-06T15:16:35.326705100Z, horaFin=null}}
Alquiler{idAlquiler=15, cliente=Cliente{id='C001', nombre='Cliente de prueba', direccion='Dirección de prueba', telefono='555-TEST', correo='test@example.com'}, computadora=Computadora{id=1, estaActiva=true, horaInicio=2025-02-06T15:16:35.319656500Z, horaFin=null}}
Alquiler{idAlquiler=16, cliente=Cliente{id='C001', nombre='Cliente de prueba', direccion='Dirección de prueba', telefono='555-TEST', correo='test@example.com'}, computadora=Computadora{id=2, estaActiva=true, horaInicio=2025-02-06T15:16:35.326705100Z, horaFin=null}}
Alquiler{idAlquiler=17, cliente=Cliente{id='C001', nombre='Cliente de prueba', direccion='Dirección de prueba', telefono='555-TEST', correo='test@example.com'}, computadora=Computadora{id=4, estaActiva=true, horaInicio=2025-02-06T15:16:35.319656500Z, horaFin=null}}
Alquiler{idAlquiler=18, cliente=Cliente{id='C001', nombre='Cliente de prueba', direccion='Dirección de prueba', telefono='555-TEST', correo='test@example.com'}, computadora=Computadora{id=6, estaActiva=true, horaInicio=2025-02-06T15:16:35.326705100Z, horaFin=null}}
Alquiler{idAlquiler=19, cliente=Cliente{id='C001', nombre='Cliente de prueba', direccion='Dirección de prueba', telefono='555-TEST', correo='test@example.com'}, computadora=Computadora{id=8, estaActiva=true, horaInicio=2025-02-06T15:16:35.319656500Z, horaFin=null}}
Alquiler{idAlquiler=20, cliente=Cliente{id='C001', nombre='Cliente de prueba', direccion='Dirección de prueba', telefono='555-TEST', correo='test@example.com'}, computadora=Computadora{id=10, estaActiva=true, horaInicio=2025-02-06T15:16:35.326705100Z, horaFin=null}}
Alquiler{idAlquiler=21, cliente=Cliente{id='C001', nombre='Cliente de prueba', direccion='Dirección de prueba', telefono='555-TEST', correo='test@example.com'}, computadora=Computadora{id=2, estaActiva=true, horaInicio=2025-02-06T15:16:35.326705100Z, horaFin=null}}
Alquiler{idAlquiler=22, cliente=Cliente{id='C001', nombre='Cliente de prueba', direccion='Dirección de prueba', telefono='555-TEST', correo='test@example.com'}, computadora=Computadora{id=6, estaActiva=true, horaInicio=2025-02-06T15:16:35.326705100Z, horaFin=null}}
Alquiler{idAlquiler=23, cliente=Cliente{id='C001', nombre='Cliente de prueba', direccion='Dirección de prueba', telefono='555-TEST', correo='test@example.com'}, computadora=Computadora{id=10, estaActiva=true, horaInicio=2025-02-06T15:16:35.326705100Z, horaFin=null}}
Alquiler{idAlquiler=1, cliente=Cliente{id='C001', nombre='Cliente de prueba', direccion='Dirección de prueba', telefono='555-TEST', correo='test@example.com'}, computadora=Computadora{id=1, estaActiva=true, horaInicio=2025-02-06T15:16:35.319656500Z, horaFin=null}}
Alquiler{idAlquiler=2, cliente=Cliente{id='C001', nombre='Cliente de prueba', direccion='Dirección de prueba', telefono='555-TEST', correo='test@example.com'}, computadora=Computadora{id=2, estaActiva=true, horaInicio=2025-02-06T15:16:35.326705100Z, horaFin=null}}
Alquiler{idAlquiler=3, cliente=Cliente{id='C001', nombre='Cliente de prueba', direccion='Dirección de prueba', telefono='555-TEST', correo='test@example.com'}, computadora=Computadora{id=3, estaActiva=true, horaInicio=2025-02-06T15:16:35.319656500Z, horaFin=null}}
Alquiler{idAlquiler=4, cliente=Cliente{id='C001', nombre='Cliente de prueba', direccion='Dirección de prueba', telefono='555-TEST', correo='test@example.com'}, computadora=Computadora{id=4, estaActiva=true, horaInicio=2025-02-06T15:16:35.319656500Z, horaFin=null}}
Alquiler{idAlquiler=5, cliente=Cliente{id='C001', nombre='Cliente de prueba', direccion='Dirección de prueba', telefono='555-TEST', correo='test@example.com'}, computadora=Computadora{id=5, estaActiva=true, horaInicio=2025-02-06T15:16:35.319656500Z, horaFin=null}}
Alquiler{idAlquiler=6, cliente=Cliente{id='C001', nombre='Cliente de prueba', direccion='Dirección de prueba', telefono='555-TEST', correo='test@example.com'}, computadora=Computadora{id=2, estaActiva=true, horaInicio=2025-02-06T15:16:35.326705100Z, horaFin=null}}
Alquiler{idAlquiler=7, cliente=Cliente{id='C001', nombre='Cliente de prueba', direccion='Dirección de prueba', telefono='555-TEST', correo='test@example.com'}, computadora=Computadora{id=3, estaActiva=true, horaInicio=2025-02-06T15:16:35.319656500Z, horaFin=null}}
Alquiler{idAlquiler=8, cliente=Cliente{id='C001', nombre='Cliente de prueba', direccion='Dirección de prueba', telefono='555-TEST', correo='test@example.com'}, computadora=Computadora{id=4, estaActiva=true, horaInicio=2025-02-06T15:16:35.319656500Z, horaFin=null}}
Alquiler{idAlquiler=9, cliente=Cliente{id='C001', nombre='Cliente de prueba', direccion='Dirección de prueba', telefono='555-TEST', correo='test@example.com'}, computadora=Computadora{id=5, estaActiva=true, horaInicio=2025-02-06T15:16:35.319656500Z, horaFin=null}}
Alquiler{idAlquiler=10, cliente=Cliente{id='C001', nombre='Cliente de prueba', direccion='Dirección de prueba', telefono='555-TEST', correo='test@example.com'}, computadora=Computadora{id=6, estaActiva=true, horaInicio=2025-02-06T15:16:35.326705100Z, horaFin=null}}
Alquiler{idAlquiler=11, cliente=Cliente{id='C001', nombre='Cliente de prueba', direccion='Dirección de prueba', telefono='555-TEST', correo='test@example.com'}, computadora=Computadora{id=7, estaActiva=true, horaInicio=2025-02-06T15:16:35.319656500Z, horaFin=null}}
Alquiler{idAlquiler=12, cliente=Cliente{id='C001', nombre='Cliente de prueba', direccion='Dirección de prueba', telefono='555-TEST', correo='test@example.com'}, computadora=Computadora{id=8, estaActiva=true, horaInicio=2025-02-06T15:16:35.319656500Z, horaFin=null}}
Alquiler{idAlquiler=13, cliente=Cliente{id='C001', nombre='Cliente de prueba', direccion='Dirección de prueba', telefono='555-TEST', correo='test@example.com'}, computadora=Computadora{id=9, estaActiva=true, horaInicio=2025-02-06T15:16:35.319656500Z, horaFin=null}}
Alquiler{idAlquiler=14, cliente=Cliente{id='C001', nombre='Cliente de prueba', direccion='Dirección de prueba', telefono='555-TEST', correo='test@example.com'}, computadora=Computadora{id=10, estaActiva=true, horaInicio=2025-02-06T15:16:35.326705100Z, horaFin=null}}
Alquiler{idAlquiler=15, cliente=Cliente{id='C001', nombre='Cliente de prueba', direccion='Dirección de prueba', telefono='555-TEST', correo='test@example.com'}, computadora=Computadora{id=1, estaActiva=true, horaInicio=2025-02-06T15:16:35.319656500Z, horaFin=null}}
Alquiler{idAlquiler=16, cliente=Cliente{id='C001', nombre='Cliente de prueba', direccion='Dirección de prueba', telefono='555-TEST', correo='test@example.com'}, computadora=Computadora{id=2, estaActiva=true, horaInicio=2025-02-06T15:16:35.326705100Z, horaFin=null}}
Alquiler{idAlquiler=17, cliente=Cliente{id='C001', nombre='Cliente de prueba', direccion='Dirección de prueba', telefono='555-TEST', correo='test@example.com'}, computadora=Computadora{id=4, estaActiva=true, horaInicio=2025-02-06T15:16:35.319656500Z, horaFin=null}}
Alquiler{idAlquiler=18, cliente=Cliente{id='C001', nombre='Cliente de prueba', direccion='Dirección de prueba', telefono='555-TEST', correo='test@example.com'}, computadora=Computadora{id=6, estaActiva=true, horaInicio=2025-02-06T15:16:35.326705100Z, horaFin=null}}
Alquiler{idAlquiler=19, cliente=Cliente{id='C001', nombre='Cliente de prueba', direccion='Dirección de prueba', telefono='555-TEST', correo='test@example.com'}, computadora=Computadora{id=8, estaActiva=true, horaInicio=2025-02-06T15:16:35.319656500Z, horaFin=null}}
Alquiler{idAlquiler=20, cliente=Cliente{id='C001', nombre='Cliente de prueba', direccion='Dirección de prueba', telefono='555-TEST', correo='test@example.com'}, computadora=Computadora{id=10, estaActiva=true, horaInicio=2025-02-06T15:16:35.326705100Z, horaFin=null}}
Alquiler{idAlquiler=21, cliente=Cliente{id='C001', nombre='Cliente de prueba', direccion='Dirección de prueba', telefono='555-TEST', correo='test@example.com'}, computadora=Computadora{id=2, estaActiva=true, horaInicio=2025-02-06T15:16:35.326705100Z, horaFin=null}}
Alquiler{idAlquiler=22, cliente=Cliente{id='C001', nombre='Cliente de prueba', direccion='Dirección de prueba', telefono='555-TEST', correo='test@example.com'}, computadora=Computadora{id=6, estaActiva=true, horaInicio=2025-02-06T15:16:35.326705100Z, horaFin=null}}
Alquiler{idAlquiler=23, cliente=Cliente{id='C001', nombre='Cliente de prueba', direccion='Dirección de prueba', telefono='555-TEST', correo='test@example.com'}, computadora=Computadora{id=10, estaActiva=true, horaInicio=2025-02-06T15:16:35.326705100Z, horaFin=null}}
Error: ID de cliente/computadora inválido o la computadora ya está activa.
Alquiler{idAlquiler=1, cliente=Cliente{id='C001', nombre='Cliente de prueba', direccion='Dirección de prueba', telefono='555-TEST', correo='test@example.com'}, computadora=Computadora{id=1, estaActiva=true, horaInicio=2025-02-06T15:16:35.319656500Z, horaFin=null}}
Alquiler{idAlquiler=2, cliente=Cliente{id='C001', nombre='Cliente de prueba', direccion='Dirección de prueba', telefono='555-TEST', correo='test@example.com'}, computadora=Computadora{id=2, estaActiva=true, horaInicio=2025-02-06T15:16:35.326705100Z, horaFin=null}}
Alquiler{idAlquiler=3, cliente=Cliente{id='C001', nombre='Cliente de prueba', direccion='Dirección de prueba', telefono='555-TEST', correo='test@example.com'}, computadora=Computadora{id=3, estaActiva=true, horaInicio=2025-02-06T15:16:35.319656500Z, horaFin=null}}
Alquiler{idAlquiler=4, cliente=Cliente{id='C001', nombre='Cliente de prueba', direccion='Dirección de prueba', telefono='555-TEST', correo='test@example.com'}, computadora=Computadora{id=4, estaActiva=true, horaInicio=2025-02-06T15:16:35.319656500Z, horaFin=null}}
Alquiler{idAlquiler=5, cliente=Cliente{id='C001', nombre='Cliente de prueba', direccion='Dirección de prueba', telefono='555-TEST', correo='test@example.com'}, computadora=Computadora{id=5, estaActiva=true, horaInicio=2025-02-06T15:16:35.319656500Z, horaFin=null}}
Alquiler{idAlquiler=6, cliente=Cliente{id='C001', nombre='Cliente de prueba', direccion='Dirección de prueba', telefono='555-TEST', correo='test@example.com'}, computadora=Computadora{id=2, estaActiva=true, horaInicio=2025-02-06T15:16:35.326705100Z, horaFin=null}}
Alquiler{idAlquiler=7, cliente=Cliente{id='C001', nombre='Cliente de prueba', direccion='Dirección de prueba', telefono='555-TEST', correo='test@example.com'}, computadora=Computadora{id=3, estaActiva=true, horaInicio=2025-02-06T15:16:35.319656500Z, horaFin=null}}
Alquiler{idAlquiler=8, cliente=Cliente{id='C001', nombre='Cliente de prueba', direccion='Dirección de prueba', telefono='555-TEST', correo='test@example.com'}, computadora=Computadora{id=4, estaActiva=true, horaInicio=2025-02-06T15:16:35.319656500Z, horaFin=null}}
Alquiler{idAlquiler=9, cliente=Cliente{id='C001', nombre='Cliente de prueba', direccion='Dirección de prueba', telefono='555-TEST', correo='test@example.com'}, computadora=Computadora{id=5, estaActiva=true, horaInicio=2025-02-06T15:16:35.319656500Z, horaFin=null}}
Alquiler{idAlquiler=10, cliente=Cliente{id='C001', nombre='Cliente de prueba', direccion='Dirección de prueba', telefono='555-TEST', correo='test@example.com'}, computadora=Computadora{id=6, estaActiva=true, horaInicio=2025-02-06T15:16:35.326705100Z, horaFin=null}}
Alquiler{idAlquiler=11, cliente=Cliente{id='C001', nombre='Cliente de prueba', direccion='Dirección de prueba', telefono='555-TEST', correo='test@example.com'}, computadora=Computadora{id=7, estaActiva=true, horaInicio=2025-02-06T15:16:35.319656500Z, horaFin=null}}
Alquiler{idAlquiler=12, cliente=Cliente{id='C001', nombre='Cliente de prueba', direccion='Dirección de prueba', telefono='555-TEST', correo='test@example.com'}, computadora=Computadora{id=8, estaActiva=true, horaInicio=2025-02-06T15:16:35.319656500Z, horaFin=null}}
Alquiler{idAlquiler=13, cliente=Cliente{id='C001', nombre='Cliente de prueba', direccion='Dirección de prueba', telefono='555-TEST', correo='test@example.com'}, computadora=Computadora{id=9, estaActiva=true, horaInicio=2025-02-06T15:16:35.319656500Z, horaFin=null}}
Alquiler{idAlquiler=14, cliente=Cliente{id='C001', nombre='Cliente de prueba', direccion='Dirección de prueba', telefono='555-TEST', correo='test@example.com'}, computadora=Computadora{id=10, estaActiva=true, horaInicio=2025-02-06T15:16:35.326705100Z, horaFin=null}}
Alquiler{idAlquiler=15, cliente=Cliente{id='C001', nombre='Cliente de prueba', direccion='Dirección de prueba', telefono='555-TEST', correo='test@example.com'}, computadora=Computadora{id=1, estaActiva=true, horaInicio=2025-02-06T15:16:35.319656500Z, horaFin=null}}
Alquiler{idAlquiler=16, cliente=Cliente{id='C001', nombre='Cliente de prueba', direccion='Dirección de prueba', telefono='555-TEST', correo='test@example.com'}, computadora=Computadora{id=2, estaActiva=true, horaInicio=2025-02-06T15:16:35.326705100Z, horaFin=null}}
Alquiler{idAlquiler=17, cliente=Cliente{id='C001', nombre='Cliente de prueba', direccion='Dirección de prueba', telefono='555-TEST', correo='test@example.com'}, computadora=Computadora{id=4, estaActiva=true, horaInicio=2025-02-06T15:16:35.319656500Z, horaFin=null}}
Alquiler{idAlquiler=18, cliente=Cliente{id='C001', nombre='Cliente de prueba', direccion='Dirección de prueba', telefono='555-TEST', correo='test@example.com'}, computadora=Computadora{id=6, estaActiva=true, horaInicio=2025-02-06T15:16:35.326705100Z, horaFin=null}}
Alquiler{idAlquiler=19, cliente=Cliente{id='C001', nombre='Cliente de prueba', direccion='Dirección de prueba', telefono='555-TEST', correo='test@example.com'}, computadora=Computadora{id=8, estaActiva=true, horaInicio=2025-02-06T15:16:35.319656500Z, horaFin=null}}
Alquiler{idAlquiler=20, cliente=Cliente{id='C001', nombre='Cliente de prueba', direccion='Dirección de prueba', telefono='555-TEST', correo='test@example.com'}, computadora=Computadora{id=10, estaActiva=true, horaInicio=2025-02-06T15:16:35.326705100Z, horaFin=null}}
Alquiler{idAlquiler=21, cliente=Cliente{id='C001', nombre='Cliente de prueba', direccion='Dirección de prueba', telefono='555-TEST', correo='test@example.com'}, computadora=Computadora{id=2, estaActiva=true, horaInicio=2025-02-06T15:16:35.326705100Z, horaFin=null}}
Alquiler{idAlquiler=22, cliente=Cliente{id='C001', nombre='Cliente de prueba', direccion='Dirección de prueba', telefono='555-TEST', correo='test@example.com'}, computadora=Computadora{id=6, estaActiva=true, horaInicio=2025-02-06T15:16:35.326705100Z, horaFin=null}}
Alquiler{idAlquiler=23, cliente=Cliente{id='C001', nombre='Cliente de prueba', direccion='Dirección de prueba', telefono='555-TEST', correo='test@example.com'}, computadora=Computadora{id=10, estaActiva=true, horaInicio=2025-02-06T15:16:35.326705100Z, horaFin=null}}
]]></system-out>
  </testcase>
  <testcase name="probarIniciarAlquiler" classname="ec.edu.espe.EDICOMPUCMS.controller.GestorAlquileresTest" time="0.004">
    <system-out><![CDATA[¡Computadora rentada con éxito!
Error: ID de cliente/computadora inválido o la computadora ya está activa.
Error: ID de cliente/computadora inválido o la computadora ya está activa.
Error: ID de cliente/computadora inválido o la computadora ya está activa.
Error: ID de cliente/computadora inválido o la computadora ya está activa.
Error: ID de cliente/computadora inválido o la computadora ya está activa.
Error: ID de cliente/computadora inválido o la computadora ya está activa.
¡Computadora rentada con éxito!
¡Computadora rentada con éxito!
¡Computadora rentada con éxito!
¡Computadora rentada con éxito!
¡Computadora rentada con éxito!
¡Computadora rentada con éxito!
¡Computadora rentada con éxito!
¡Computadora rentada con éxito!
¡Computadora rentada con éxito!
Error: ID de cliente/computadora inválido o la computadora ya está activa.
Error: ID de cliente/computadora inválido o la computadora ya está activa.
]]></system-out>
  </testcase>
  <testcase name="probarTerminarAlquiler" classname="ec.edu.espe.EDICOMPUCMS.controller.GestorAlquileresTest" time="0.003">
    <system-out><![CDATA[¡Computadora rentada con éxito!
¡Computadora rentada con éxito!
Alquiler finalizada. Pago total: $0.15
Alquiler finalizada. Pago total: $0.15
Error: ID de renta no encontrado.
¡Computadora rentada con éxito!
¡Computadora rentada con éxito!
Alquiler finalizada. Pago total: $0.15
Alquiler finalizada. Pago total: $0.15
Alquiler finalizada. Pago total: $0.15
Error: ID de renta no encontrado.
Error: ID de renta no encontrado.
¡Computadora rentada con éxito!
Alquiler finalizada. Pago total: $0.15
¡Computadora rentada con éxito!
Alquiler finalizada. Pago total: $0.15
¡Computadora rentada con éxito!
Alquiler finalizada. Pago total: $0.15
¡Computadora rentada con éxito!
Alquiler finalizada. Pago total: $0.15
¡Computadora rentada con éxito!
Alquiler finalizada. Pago total: $0.15
¡Computadora rentada con éxito!
Alquiler finalizada. Pago total: $0.15
Alquiler finalizada. Pago total: $0.15
Alquiler finalizada. Pago total: $0.15
Alquiler finalizada. Pago total: $0.15
Alquiler finalizada. Pago total: $0.15
Alquiler finalizada. Pago total: $0.15
Alquiler finalizada. Pago total: $0.15
Alquiler finalizada. Pago total: $0.15
Alquiler finalizada. Pago total: $0.15
Alquiler finalizada. Pago total: $0.15
Alquiler finalizada. Pago total: $0.15
Error: ID de renta no encontrado.
Error: ID de renta no encontrado.
Error: ID de renta no encontrado.
Error: ID de renta no encontrado.
Error: ID de renta no encontrado.
Error: ID de renta no encontrado.
Error: ID de renta no encontrado.
Error: ID de renta no encontrado.
Error: ID de renta no encontrado.
Error: ID de renta no encontrado.
Error: ID de renta no encontrado.
]]></system-out>
  </testcase>
  <testcase name="probarAgregarCliente" classname="ec.edu.espe.EDICOMPUCMS.controller.GestorAlquileresTest" time="0.017"/>
</testsuite>